<?xml version="1.0" encoding="UTF-8" ?>
<testsuites>

  <testsuite name="jQuery:" errors="0" tests="1" failures="1" time="0.007" timestamp="2014-01-27T12:51:31.603Z">
    
      <testcase assertions="1" classname="jQuery:" name="is a function" time="0.006">
        
          <failure>Expected 'undefined' to equal 'function'.</failure>
        
      </testcase>
    
  </testsuite>

</testsuites>