<?xml version="1.0" encoding="UTF-8" ?>
<testsuites>

  <testsuite name="pf.validate: pf.validate.validateInteger:" errors="0" tests="1" failures="1" time="0" timestamp="2014-01-27T12:51:31.764Z">
    
      <testcase assertions="1" classname="pf.validate: pf.validate.validateInteger:" name="encountered a declaration exception" time="0">
        
          <failure>ReferenceError: Can't find variable: pf in file:///Users/richquick/code/prefab/app/assets/javascripts/_prefab/specs/validate_spec.js (line 426)</failure>
        
      </testcase>
    
  </testsuite>

</testsuites>