<?xml version="1.0" encoding="UTF-8" ?>
<testsuites>

  <testsuite name="pf:" errors="0" tests="1" failures="1" time="0.001" timestamp="2014-01-27T12:51:31.605Z">
    
      <testcase assertions="1" classname="pf:" name="is an object" time="0.001">
        
          <failure>Expected 'undefined' to equal 'object'.</failure>
        
      </testcase>
    
  </testsuite>

</testsuites>