<?xml version="1.0" encoding="UTF-8" ?>
<testsuites>

  <testsuite name="pf.validate:" errors="0" tests="1" failures="1" time="0.09" timestamp="2014-01-27T12:51:31.769Z">
    
      <testcase assertions="1" classname="pf.validate:" name="is an object" time="0.002">
        
          <failure>ReferenceError: Can't find variable: pf in file:///Users/richquick/code/prefab/app/assets/javascripts/_prefab/specs/validate_spec.js (line 3)</failure>
        
      </testcase>
    
  </testsuite>

</testsuites>