<?xml version="1.0" encoding="UTF-8" ?>
<testsuites>

  <testsuite name="pf.common: pf.common.stringToID:" errors="0" tests="6" failures="6" time="0.005" timestamp="2014-01-27T12:51:31.620Z">
    
      <testcase assertions="1" classname="pf.common: pf.common.stringToID:" name="is a function" time="0.001">
        
          <failure>ReferenceError: Can't find variable: pf in file:///Users/richquick/code/prefab/app/assets/javascripts/_prefab/specs/common_spec.js (line 50)</failure>
        
      </testcase>
    
      <testcase assertions="1" classname="pf.common: pf.common.stringToID:" name="should add a # before an ID" time="0">
        
          <failure>ReferenceError: Can't find variable: pf in file:///Users/richquick/code/prefab/app/assets/javascripts/_prefab/specs/common_spec.js (line 53)</failure>
        
      </testcase>
    
      <testcase assertions="1" classname="pf.common: pf.common.stringToID:" name="should fail if ID starts with number" time="0">
        
          <failure>ReferenceError: Can't find variable: pf in file:///Users/richquick/code/prefab/app/assets/javascripts/_prefab/specs/common_spec.js (line 56)</failure>
        
      </testcase>
    
      <testcase assertions="1" classname="pf.common: pf.common.stringToID:" name="should fail if ID starts with -" time="0">
        
          <failure>ReferenceError: Can't find variable: pf in file:///Users/richquick/code/prefab/app/assets/javascripts/_prefab/specs/common_spec.js (line 59)</failure>
        
      </testcase>
    
      <testcase assertions="1" classname="pf.common: pf.common.stringToID:" name="should fail if ID starts with _" time="0.001">
        
          <failure>ReferenceError: Can't find variable: pf in file:///Users/richquick/code/prefab/app/assets/javascripts/_prefab/specs/common_spec.js (line 62)</failure>
        
      </testcase>
    
      <testcase assertions="1" classname="pf.common: pf.common.stringToID:" name="should fail if ID contains any characters other than letters, numbers, - or _" time="0">
        
          <failure>ReferenceError: Can't find variable: pf in file:///Users/richquick/code/prefab/app/assets/javascripts/_prefab/specs/common_spec.js (line 65)</failure>
        
      </testcase>
    
  </testsuite>

</testsuites>